{"C:\\Users\\Hp\\Desktop\\Home sync\\Home sync\\S63_Nidhi_Capstone_HomeSync\\backend\\controllers\\authController.js": {"path":"C:\\Users\\Hp\\Desktop\\Home sync\\Home sync\\S63_Nidhi_Capstone_HomeSync\\backend\\controllers\\authController.js","statementMap":{"0":{"start":{"line":1,"column":13},"end":{"line":1,"column":38}},"1":{"start":{"line":2,"column":12},"end":{"line":2,"column":35}},"2":{"start":{"line":4,"column":15},"end":{"line":63,"column":1}},"3":{"start":{"line":5,"column":2},"end":{"line":62,"column":3}},"4":{"start":{"line":6,"column":4},"end":{"line":6,"column":50}},"5":{"start":{"line":7,"column":42},"end":{"line":7,"column":50}},"6":{"start":{"line":10,"column":4},"end":{"line":13,"column":5}},"7":{"start":{"line":11,"column":6},"end":{"line":11,"column":55}},"8":{"start":{"line":12,"column":6},"end":{"line":12,"column":93}},"9":{"start":{"line":16,"column":25},"end":{"line":16,"column":79}},"10":{"start":{"line":17,"column":4},"end":{"line":17,"column":54}},"11":{"start":{"line":18,"column":4},"end":{"line":20,"column":5}},"12":{"start":{"line":19,"column":6},"end":{"line":19,"column":70}},"13":{"start":{"line":23,"column":17},"end":{"line":27,"column":6}},"14":{"start":{"line":28,"column":4},"end":{"line":28,"column":43}},"15":{"start":{"line":30,"column":4},"end":{"line":30,"column":22}},"16":{"start":{"line":31,"column":4},"end":{"line":31,"column":42}},"17":{"start":{"line":34,"column":4},"end":{"line":37,"column":5}},"18":{"start":{"line":35,"column":6},"end":{"line":35,"column":47}},"19":{"start":{"line":36,"column":6},"end":{"line":36,"column":97}},"20":{"start":{"line":40,"column":4},"end":{"line":40,"column":40}},"21":{"start":{"line":41,"column":18},"end":{"line":45,"column":5}},"22":{"start":{"line":47,"column":4},"end":{"line":55,"column":7}},"23":{"start":{"line":57,"column":4},"end":{"line":57,"column":42}},"24":{"start":{"line":58,"column":4},"end":{"line":61,"column":7}},"25":{"start":{"line":65,"column":14},"end":{"line":100,"column":1}},"26":{"start":{"line":66,"column":2},"end":{"line":99,"column":3}},"27":{"start":{"line":67,"column":32},"end":{"line":67,"column":40}},"28":{"start":{"line":70,"column":17},"end":{"line":70,"column":46}},"29":{"start":{"line":71,"column":4},"end":{"line":73,"column":5}},"30":{"start":{"line":72,"column":6},"end":{"line":72,"column":70}},"31":{"start":{"line":76,"column":20},"end":{"line":76,"column":56}},"32":{"start":{"line":77,"column":4},"end":{"line":79,"column":5}},"33":{"start":{"line":78,"column":6},"end":{"line":78,"column":70}},"34":{"start":{"line":82,"column":18},"end":{"line":86,"column":5}},"35":{"start":{"line":88,"column":4},"end":{"line":96,"column":7}},"36":{"start":{"line":98,"column":4},"end":{"line":98,"column":80}},"37":{"start":{"line":102,"column":0},"end":{"line":105,"column":2}}},"fnMap":{"0":{"name":"(anonymous_0)","decl":{"start":{"line":4,"column":15},"end":{"line":4,"column":16}},"loc":{"start":{"line":4,"column":35},"end":{"line":63,"column":1}},"line":4},"1":{"name":"(anonymous_1)","decl":{"start":{"line":65,"column":14},"end":{"line":65,"column":15}},"loc":{"start":{"line":65,"column":34},"end":{"line":100,"column":1}},"line":65}},"branchMap":{"0":{"loc":{"start":{"line":10,"column":4},"end":{"line":13,"column":5}},"type":"if","locations":[{"start":{"line":10,"column":4},"end":{"line":13,"column":5}},{"start":{},"end":{}}],"line":10},"1":{"loc":{"start":{"line":10,"column":8},"end":{"line":10,"column":40}},"type":"binary-expr","locations":[{"start":{"line":10,"column":8},"end":{"line":10,"column":17}},{"start":{"line":10,"column":21},"end":{"line":10,"column":27}},{"start":{"line":10,"column":31},"end":{"line":10,"column":40}}],"line":10},"2":{"loc":{"start":{"line":18,"column":4},"end":{"line":20,"column":5}},"type":"if","locations":[{"start":{"line":18,"column":4},"end":{"line":20,"column":5}},{"start":{},"end":{}}],"line":18},"3":{"loc":{"start":{"line":34,"column":4},"end":{"line":37,"column":5}},"type":"if","locations":[{"start":{"line":34,"column":4},"end":{"line":37,"column":5}},{"start":{},"end":{}}],"line":34},"4":{"loc":{"start":{"line":60,"column":13},"end":{"line":60,"column":81}},"type":"cond-expr","locations":[{"start":{"line":60,"column":54},"end":{"line":60,"column":65}},{"start":{"line":60,"column":68},"end":{"line":60,"column":81}}],"line":60},"5":{"loc":{"start":{"line":71,"column":4},"end":{"line":73,"column":5}},"type":"if","locations":[{"start":{"line":71,"column":4},"end":{"line":73,"column":5}},{"start":{},"end":{}}],"line":71},"6":{"loc":{"start":{"line":77,"column":4},"end":{"line":79,"column":5}},"type":"if","locations":[{"start":{"line":77,"column":4},"end":{"line":79,"column":5}},{"start":{},"end":{}}],"line":77}},"s":{"0":1,"1":1,"2":1,"3":3,"4":3,"5":3,"6":3,"7":1,"8":1,"9":2,"10":2,"11":2,"12":1,"13":1,"14":1,"15":1,"16":1,"17":1,"18":0,"19":0,"20":1,"21":1,"22":1,"23":0,"24":0,"25":1,"26":3,"27":3,"28":3,"29":3,"30":1,"31":2,"32":2,"33":1,"34":1,"35":1,"36":0,"37":1},"f":{"0":3,"1":3},"b":{"0":[1,2],"1":[3,3,2],"2":[1,1],"3":[0,1],"4":[0,0],"5":[1,2],"6":[1,1]},"_coverageSchema":"1a1c01bbd47fc00a2c39e90264f33305004495a9","hash":"cb97f00b3be38af79a6bf59a99313bfe226f0ecc"}
,"C:\\Users\\Hp\\Desktop\\Home sync\\Home sync\\S63_Nidhi_Capstone_HomeSync\\backend\\routes\\auth.js": {"path":"C:\\Users\\Hp\\Desktop\\Home sync\\Home sync\\S63_Nidhi_Capstone_HomeSync\\backend\\routes\\auth.js","statementMap":{"0":{"start":{"line":1,"column":16},"end":{"line":1,"column":34}},"1":{"start":{"line":2,"column":26},"end":{"line":2,"column":66}},"2":{"start":{"line":3,"column":12},"end":{"line":3,"column":35}},"3":{"start":{"line":4,"column":13},"end":{"line":4,"column":38}},"4":{"start":{"line":6,"column":15},"end":{"line":6,"column":31}},"5":{"start":{"line":9,"column":0},"end":{"line":9,"column":31}},"6":{"start":{"line":12,"column":0},"end":{"line":12,"column":29}},"7":{"start":{"line":15,"column":0},"end":{"line":34,"column":3}},"8":{"start":{"line":16,"column":2},"end":{"line":33,"column":3}},"9":{"start":{"line":17,"column":18},"end":{"line":17,"column":69}},"10":{"start":{"line":19,"column":4},"end":{"line":21,"column":5}},"11":{"start":{"line":20,"column":6},"end":{"line":20,"column":68}},"12":{"start":{"line":23,"column":20},"end":{"line":23,"column":82}},"13":{"start":{"line":24,"column":17},"end":{"line":24,"column":104}},"14":{"start":{"line":26,"column":4},"end":{"line":28,"column":5}},"15":{"start":{"line":27,"column":6},"end":{"line":27,"column":65}},"16":{"start":{"line":30,"column":4},"end":{"line":30,"column":23}},"17":{"start":{"line":32,"column":4},"end":{"line":32,"column":55}},"18":{"start":{"line":36,"column":0},"end":{"line":36,"column":24}}},"fnMap":{"0":{"name":"(anonymous_0)","decl":{"start":{"line":15,"column":22},"end":{"line":15,"column":23}},"loc":{"start":{"line":15,"column":42},"end":{"line":34,"column":1}},"line":15}},"branchMap":{"0":{"loc":{"start":{"line":19,"column":4},"end":{"line":21,"column":5}},"type":"if","locations":[{"start":{"line":19,"column":4},"end":{"line":21,"column":5}},{"start":{},"end":{}}],"line":19},"1":{"loc":{"start":{"line":23,"column":38},"end":{"line":23,"column":81}},"type":"binary-expr","locations":[{"start":{"line":23,"column":38},"end":{"line":23,"column":60}},{"start":{"line":23,"column":64},"end":{"line":23,"column":81}}],"line":23},"2":{"loc":{"start":{"line":24,"column":37},"end":{"line":24,"column":83}},"type":"binary-expr","locations":[{"start":{"line":24,"column":37},"end":{"line":24,"column":51}},{"start":{"line":24,"column":55},"end":{"line":24,"column":69}},{"start":{"line":24,"column":73},"end":{"line":24,"column":83}}],"line":24},"3":{"loc":{"start":{"line":26,"column":4},"end":{"line":28,"column":5}},"type":"if","locations":[{"start":{"line":26,"column":4},"end":{"line":28,"column":5}},{"start":{},"end":{}}],"line":26}},"s":{"0":1,"1":1,"2":1,"3":1,"4":1,"5":1,"6":1,"7":1,"8":3,"9":3,"10":3,"11":1,"12":2,"13":1,"14":1,"15":0,"16":1,"17":1,"18":1},"f":{"0":3},"b":{"0":[1,2],"1":[2,0],"2":[1,0,0],"3":[0,1]},"_coverageSchema":"1a1c01bbd47fc00a2c39e90264f33305004495a9","hash":"ce06331980d21e8e22aa51cefb820af961d56e8d"}
}
