TN:
SF:controllers\authController.js
FN:4,(anonymous_0)
FN:65,(anonymous_1)
FNF:2
FNH:2
FNDA:3,(anonymous_0)
FNDA:3,(anonymous_1)
DA:1,1
DA:2,1
DA:4,1
DA:5,3
DA:6,3
DA:7,3
DA:10,3
DA:11,1
DA:12,1
DA:16,2
DA:17,2
DA:18,2
DA:19,1
DA:23,1
DA:28,1
DA:30,1
DA:31,1
DA:34,1
DA:35,0
DA:36,0
DA:40,1
DA:41,1
DA:47,1
DA:57,0
DA:58,0
DA:65,1
DA:66,3
DA:67,3
DA:70,3
DA:71,3
DA:72,1
DA:76,2
DA:77,2
DA:78,1
DA:82,1
DA:88,1
DA:98,0
DA:102,1
LF:38
LH:33
BRDA:10,0,0,1
BRDA:10,0,1,2
BRDA:10,1,0,3
BRDA:10,1,1,3
BRDA:10,1,2,2
BRDA:18,2,0,1
BRDA:18,2,1,1
BRDA:34,3,0,0
BRDA:34,3,1,1
BRDA:60,4,0,0
BRDA:60,4,1,0
BRDA:71,5,0,1
BRDA:71,5,1,2
BRDA:77,6,0,1
BRDA:77,6,1,1
BRF:15
BRH:12
end_of_record
TN:
SF:routes\auth.js
FN:15,(anonymous_0)
FNF:1
FNH:1
FNDA:3,(anonymous_0)
DA:1,1
DA:2,1
DA:3,1
DA:4,1
DA:6,1
DA:9,1
DA:12,1
DA:15,1
DA:16,3
DA:17,3
DA:19,3
DA:20,1
DA:23,2
DA:24,1
DA:26,1
DA:27,0
DA:30,1
DA:32,1
DA:36,1
LF:19
LH:18
BRDA:19,0,0,1
BRDA:19,0,1,2
BRDA:23,1,0,2
BRDA:23,1,1,0
BRDA:24,2,0,1
BRDA:24,2,1,0
BRDA:24,2,2,0
BRDA:26,3,0,0
BRDA:26,3,1,1
BRF:9
BRH:5
end_of_record
